This is pdfTeX, Version 3.14159265-2.6-1.40.18 (MiKTeX 2.9.6600 64-bit) (preloaded format=pdflatex 2018.3.21)  1 APR 2018 15:18
entering extended mode
**D:/My/2017_2018/Информатика/inf_metod/Work/2_information_theory.te
x

(D:/My/2017_2018/Информатика/inf_metod/Work/2_information_theory.tex
LaTeX2e <2017-04-15>
Babel <3.17> and hyphenation patterns for 75 language(s) loaded.
! Undefined control sequence.
l.1 \section
            {Терминология теории информации}
? 
! Emergency stop.
l.1 \section
            {Терминология теории информации}
End of file on the terminal!

 
Here is how much of TeX's memory you used:
 8 strings out of 493303
 368 string characters out of 3138856
 53826 words of memory out of 3000000
 3660 multiletter control sequences out of 15000+200000
 3640 words of font info for 14 fonts, out of 3000000 for 9000
 1141 hyphenation exceptions out of 8191
 5i,0n,1p,150b,8s stack positions out of 5000i,500n,10000p,200000b,50000s
!  ==> Fatal error occurred, no output PDF file produced!
