This is pdfTeX, Version 3.1415926-2.5-1.40.14 (MiKTeX 2.9) (preloaded format=pdflatex 2016.2.9)  19 FEB 2016 02:52
entering extended mode
**C:/Users/РћР»РµСЃСЏ/Desktop/Work/РёСЃС‚РѕСЂРёСЏ*РєР°С„РµРґСЂС‹.tex
("C:/Users/РћР»РµСЃСЏ/Desktop/Work/РёСЃС‚РѕСЂРёСЏ РєР°С„РµРґСЂС‹.tex"
LaTeX2e <2011/06/27>
Babel <v3.8m> and hyphenation patterns for english, afrikaans, ancientgreek, ar
abic, armenian, assamese, basque, bengali, bokmal, bulgarian, catalan, coptic, 
croatian, czech, danish, dutch, esperanto, estonian, farsi, finnish, french, ga
lician, german, german-x-2013-05-26, greek, gujarati, hindi, hungarian, iceland
ic, indonesian, interlingua, irish, italian, kannada, kurmanji, latin, latvian,
 lithuanian, malayalam, marathi, mongolian, mongolianlmc, monogreek, ngerman, n
german-x-2013-05-26, nynorsk, oriya, panjabi, pinyin, polish, portuguese, roman
ian, russian, sanskrit, serbian, slovak, slovenian, spanish, swedish, swissgerm
an, tamil, telugu, turkish, turkmen, ukenglish, ukrainian, uppersorbian, usengl
ishmax, welsh, loaded.
("C:\Program Files (x86)\MiKTeX 2.9.1\tex\latex\base\report.cls"
Document Class: report 2007/10/19 v1.4h Standard LaTeX document class
("C:\Program Files (x86)\MiKTeX 2.9.1\tex\latex\base\size10.clo"
File: size10.clo 2007/10/19 v1.4h Standard LaTeX file (size option)
)
\c@part=\count79
\c@chapter=\count80
\c@section=\count81
\c@subsection=\count82
\c@subsubsection=\count83
\c@paragraph=\count84
\c@subparagraph=\count85
\c@figure=\count86
\c@table=\count87
\abovecaptionskip=\skip41
\belowcaptionskip=\skip42
\bibindent=\dimen102
)
("C:\Program Files (x86)\MiKTeX 2.9.1\tex\latex\amsmath\amsmath.sty"
Package: amsmath 2013/01/14 v2.14 AMS math features
\@mathmargin=\skip43

For additional information on amsmath, use the `?' option.
("C:\Program Files (x86)\MiKTeX 2.9.1\tex\latex\amsmath\amstext.sty"
Package: amstext 2000/06/29 v2.01

("C:\Program Files (x86)\MiKTeX 2.9.1\tex\latex\amsmath\amsgen.sty"
File: amsgen.sty 1999/11/30 v2.0
\@emptytoks=\toks14
\ex@=\dimen103
))
("C:\Program Files (x86)\MiKTeX 2.9.1\tex\latex\amsmath\amsbsy.sty"
Package: amsbsy 1999/11/29 v1.2d
\pmbraise@=\dimen104
)
("C:\Program Files (x86)\MiKTeX 2.9.1\tex\latex\amsmath\amsopn.sty"
Package: amsopn 1999/12/14 v2.01 operator names
)
\inf@bad=\count88
LaTeX Info: Redefining \frac on input line 210.
\uproot@=\count89
\leftroot@=\count90
LaTeX Info: Redefining \overline on input line 306.
\classnum@=\count91
\DOTSCASE@=\count92
LaTeX Info: Redefining \ldots on input line 378.
LaTeX Info: Redefining \dots on input line 381.
LaTeX Info: Redefining \cdots on input line 466.
\Mathstrutbox@=\box26
\strutbox@=\box27
\big@size=\dimen105
LaTeX Font Info:    Redeclaring font encoding OML on input line 566.
LaTeX Font Info:    Redeclaring font encoding OMS on input line 567.
\macc@depth=\count93
\c@MaxMatrixCols=\count94
\dotsspace@=\muskip10
\c@parentequation=\count95
\dspbrk@lvl=\count96
\tag@help=\toks15
\row@=\count97
\column@=\count98
\maxfields@=\count99
\andhelp@=\toks16
\eqnshift@=\dimen106
\alignsep@=\dimen107
\tagshift@=\dimen108
\tagwidth@=\dimen109
\totwidth@=\dimen110
\lineht@=\dimen111
\@envbody=\toks17
\multlinegap=\skip44
\multlinetaggap=\skip45
\mathdisplay@stack=\toks18
LaTeX Info: Redefining \[ on input line 2665.
LaTeX Info: Redefining \] on input line 2666.
)
("C:\Program Files (x86)\MiKTeX 2.9.1\tex\latex\amsfonts\amssymb.sty"
Package: amssymb 2013/01/14 v3.01 AMS font symbols

("C:\Program Files (x86)\MiKTeX 2.9.1\tex\latex\amsfonts\amsfonts.sty"
Package: amsfonts 2013/01/14 v3.01 Basic AMSFonts support
\symAMSa=\mathgroup4
\symAMSb=\mathgroup5
LaTeX Font Info:    Overwriting math alphabet `\mathfrak' in version `bold'
(Font)                  U/euf/m/n --> U/euf/b/n on input line 106.
))
("C:\Program Files (x86)\MiKTeX 2.9.1\tex\generic\babel\babel.sty"
Package: babel 2008/07/08 v3.8m The Babel package

*************************************
* Local config file bblopts.cfg used
*
("C:\Program Files (x86)\MiKTeX 2.9.1\tex\latex\00miktex\bblopts.cfg"
File: bblopts.cfg 2006/07/31 v1.0 MiKTeX 'babel' configuration
)
("C:\Program Files (x86)\MiKTeX 2.9.1\tex\generic\babel\english.ldf"
Language: english 2005/03/30 v3.3o English support from the babel system

("C:\Program Files (x86)\MiKTeX 2.9.1\tex\generic\babel\babel.def"
File: babel.def 2008/07/08 v3.8m Babel common definitions
\babel@savecnt=\count100
\U@D=\dimen112
)
\l@canadian = a dialect from \language\l@american 
\l@australian = a dialect from \language\l@british 
\l@newzealand = a dialect from \language\l@british 
)
("C:\Program Files (x86)\MiKTeX 2.9.1\tex\generic\babel\russianb.ldf"
Language: russianb 2008/03/21 v1.1r Russian support from the babel system

("C:\Program Files (x86)\MiKTeX 2.9.1\tex\latex\cyrillic\t2aenc.def"
File: t2aenc.def 2005/09/27 v1.0i Cyrillic encoding definition file
)

Package babel Warning: No input encoding specified for Russian language on inpu
t line 136.

Package babel Info: Making " an active character on input line 199.
)) ("C:\Program Files (x86)\MiKTeX 2.9.1\tex\latex\base\inputenc.sty"
Package: inputenc 2008/03/30 v1.1d Input encoding file
\inpenc@prehook=\toks19
\inpenc@posthook=\toks20

("C:\Program Files (x86)\MiKTeX 2.9.1\tex\latex\cyrillic\cp1251.def"
File: cp1251.def 2014/10/28 v1.0d Input encoding file
))
("C:\Program Files (x86)\MiKTeX 2.9.1\tex\latex\graphics\graphicx.sty"
Package: graphicx 1999/02/16 v1.0f Enhanced LaTeX Graphics (DPC,SPQR)

("C:\Program Files (x86)\MiKTeX 2.9.1\tex\latex\graphics\keyval.sty"
Package: keyval 1999/03/16 v1.13 key=value parser (DPC)
\KV@toks@=\toks21
)
("C:\Program Files (x86)\MiKTeX 2.9.1\tex\latex\graphics\graphics.sty"
Package: graphics 2009/02/05 v1.0o Standard LaTeX Graphics (DPC,SPQR)

("C:\Program Files (x86)\MiKTeX 2.9.1\tex\latex\graphics\trig.sty"
Package: trig 1999/03/16 v1.09 sin cos tan (DPC)
)
("C:\Program Files (x86)\MiKTeX 2.9.1\tex\latex\00miktex\graphics.cfg"
File: graphics.cfg 2007/01/18 v1.5 graphics configuration of teTeX/TeXLive
)
Package graphics Info: Driver file: dvips.def on input line 91.

("C:\Program Files (x86)\MiKTeX 2.9.1\tex\latex\graphics\dvips.def"
File: dvips.def 1999/02/16 v3.0i Driver-dependant file (DPC,SPQR)
))
\Gin@req@height=\dimen113
\Gin@req@width=\dimen114
)
("C:\Program Files (x86)\MiKTeX 2.9.1\tex\latex\tools\indentfirst.sty"
Package: indentfirst 1995/11/23 v1.03 Indent first paragraph (DPC)
)
("C:\Program Files (x86)\MiKTeX 2.9.1\tex\latex\tools\multicol.sty"
Package: multicol 2011/06/27 v1.7a multicolumn formatting (FMi)
\c@tracingmulticols=\count101
\mult@box=\box28
\multicol@leftmargin=\dimen115
\c@unbalance=\count102
\c@collectmore=\count103
\doublecol@number=\count104
\multicoltolerance=\count105
\multicolpretolerance=\count106
\full@width=\dimen116
\page@free=\dimen117
\premulticols=\dimen118
\postmulticols=\dimen119
\multicolsep=\skip46
\multicolbaselineskip=\skip47
\partial@page=\box29
\last@line=\box30
\mult@rightbox=\box31
\mult@grightbox=\box32
\mult@gfirstbox=\box33
\mult@firstbox=\box34
\@tempa=\box35
\@tempa=\box36
\@tempa=\box37
\@tempa=\box38
\@tempa=\box39
\@tempa=\box40
\@tempa=\box41
\@tempa=\box42
\@tempa=\box43
\@tempa=\box44
\@tempa=\box45
\@tempa=\box46
\@tempa=\box47
\@tempa=\box48
\@tempa=\box49
\@tempa=\box50
\@tempa=\box51
\c@columnbadness=\count107
\c@finalcolumnbadness=\count108
\last@try=\dimen120
\multicolovershoot=\dimen121
\multicolundershoot=\dimen122
\mult@nat@firstbox=\box52
\colbreak@box=\box53
\multicol@sort@counter=\count109
)
("C:\Program Files (x86)\MiKTeX 2.9.1\tex\latex\tools\hhline.sty"
Package: hhline 1994/05/23 v2.03 Table rule package (DPC)
)
("C:\Program Files (x86)\MiKTeX 2.9.1\tex\latex\multirow\multirow.sty"
\bigstrutjot=\dimen123
)
("C:\Program Files (x86)\MiKTeX 2.9.1\tex\latex\base\textcomp.sty"
Package: textcomp 2005/09/27 v1.99g Standard LaTeX package
Package textcomp Info: Sub-encoding information:
(textcomp)               5 = only ISO-Adobe without \textcurrency
(textcomp)               4 = 5 + \texteuro
(textcomp)               3 = 4 + \textohm
(textcomp)               2 = 3 + \textestimated + \textcurrency
(textcomp)               1 = TS1 - \textcircled - \t
(textcomp)               0 = TS1 (full)
(textcomp)             Font families with sub-encoding setting implement
(textcomp)             only a restricted character set as indicated.
(textcomp)             Family '?' is the default used for unknown fonts.
(textcomp)             See the documentation for details.
Package textcomp Info: Setting ? sub-encoding to TS1/1 on input line 71.

("C:\Program Files (x86)\MiKTeX 2.9.1\tex\latex\base\ts1enc.def"
File: ts1enc.def 2001/06/05 v3.0e (jk/car/fm) Standard LaTeX file
)
LaTeX Info: Redefining \oldstylenums on input line 266.
Package textcomp Info: Setting cmr sub-encoding to TS1/0 on input line 281.
Package textcomp Info: Setting cmss sub-encoding to TS1/0 on input line 282.
Package textcomp Info: Setting cmtt sub-encoding to TS1/0 on input line 283.
Package textcomp Info: Setting cmvtt sub-encoding to TS1/0 on input line 284.
Package textcomp Info: Setting cmbr sub-encoding to TS1/0 on input line 285.
Package textcomp Info: Setting cmtl sub-encoding to TS1/0 on input line 286.
Package textcomp Info: Setting ccr sub-encoding to TS1/0 on input line 287.
Package textcomp Info: Setting ptm sub-encoding to TS1/4 on input line 288.
Package textcomp Info: Setting pcr sub-encoding to TS1/4 on input line 289.
Package textcomp Info: Setting phv sub-encoding to TS1/4 on input line 290.
Package textcomp Info: Setting ppl sub-encoding to TS1/3 on input line 291.
Package textcomp Info: Setting pag sub-encoding to TS1/4 on input line 292.
Package textcomp Info: Setting pbk sub-encoding to TS1/4 on input line 293.
Package textcomp Info: Setting pnc sub-encoding to TS1/4 on input line 294.
Package textcomp Info: Setting pzc sub-encoding to TS1/4 on input line 295.
Package textcomp Info: Setting bch sub-encoding to TS1/4 on input line 296.
Package textcomp Info: Setting put sub-encoding to TS1/5 on input line 297.
Package textcomp Info: Setting uag sub-encoding to TS1/5 on input line 298.
Package textcomp Info: Setting ugq sub-encoding to TS1/5 on input line 299.
Package textcomp Info: Setting ul8 sub-encoding to TS1/4 on input line 300.
Package textcomp Info: Setting ul9 sub-encoding to TS1/4 on input line 301.
Package textcomp Info: Setting augie sub-encoding to TS1/5 on input line 302.
Package textcomp Info: Setting dayrom sub-encoding to TS1/3 on input line 303.
Package textcomp Info: Setting dayroms sub-encoding to TS1/3 on input line 304.

Package textcomp Info: Setting pxr sub-encoding to TS1/0 on input line 305.
Package textcomp Info: Setting pxss sub-encoding to TS1/0 on input line 306.
Package textcomp Info: Setting pxtt sub-encoding to TS1/0 on input line 307.
Package textcomp Info: Setting txr sub-encoding to TS1/0 on input line 308.
Package textcomp Info: Setting txss sub-encoding to TS1/0 on input line 309.
Package textcomp Info: Setting txtt sub-encoding to TS1/0 on input line 310.
Package textcomp Info: Setting lmr sub-encoding to TS1/0 on input line 311.
Package textcomp Info: Setting lmdh sub-encoding to TS1/0 on input line 312.
Package textcomp Info: Setting lmss sub-encoding to TS1/0 on input line 313.
Package textcomp Info: Setting lmssq sub-encoding to TS1/0 on input line 314.
Package textcomp Info: Setting lmvtt sub-encoding to TS1/0 on input line 315.
Package textcomp Info: Setting qhv sub-encoding to TS1/0 on input line 316.
Package textcomp Info: Setting qag sub-encoding to TS1/0 on input line 317.
Package textcomp Info: Setting qbk sub-encoding to TS1/0 on input line 318.
Package textcomp Info: Setting qcr sub-encoding to TS1/0 on input line 319.
Package textcomp Info: Setting qcs sub-encoding to TS1/0 on input line 320.
Package textcomp Info: Setting qpl sub-encoding to TS1/0 on input line 321.
Package textcomp Info: Setting qtm sub-encoding to TS1/0 on input line 322.
Package textcomp Info: Setting qzc sub-encoding to TS1/0 on input line 323.
Package textcomp Info: Setting qhvc sub-encoding to TS1/0 on input line 324.
Package textcomp Info: Setting futs sub-encoding to TS1/4 on input line 325.
Package textcomp Info: Setting futx sub-encoding to TS1/4 on input line 326.
Package textcomp Info: Setting futj sub-encoding to TS1/4 on input line 327.
Package textcomp Info: Setting hlh sub-encoding to TS1/3 on input line 328.
Package textcomp Info: Setting hls sub-encoding to TS1/3 on input line 329.
Package textcomp Info: Setting hlst sub-encoding to TS1/3 on input line 330.
Package textcomp Info: Setting hlct sub-encoding to TS1/5 on input line 331.
Package textcomp Info: Setting hlx sub-encoding to TS1/5 on input line 332.
Package textcomp Info: Setting hlce sub-encoding to TS1/5 on input line 333.
Package textcomp Info: Setting hlcn sub-encoding to TS1/5 on input line 334.
Package textcomp Info: Setting hlcw sub-encoding to TS1/5 on input line 335.
Package textcomp Info: Setting hlcf sub-encoding to TS1/5 on input line 336.
Package textcomp Info: Setting pplx sub-encoding to TS1/3 on input line 337.
Package textcomp Info: Setting pplj sub-encoding to TS1/3 on input line 338.
Package textcomp Info: Setting ptmx sub-encoding to TS1/4 on input line 339.
Package textcomp Info: Setting ptmj sub-encoding to TS1/4 on input line 340.
)
("C:\Program Files (x86)\MiKTeX 2.9.1\tex\latex\wrapfig\wrapfig.sty"
\wrapoverhang=\dimen124
\WF@size=\dimen125
\c@WF@wrappedlines=\count110
\WF@box=\box54
\WF@everypar=\toks22
Package: wrapfig 2003/01/31  v 3.6
)
("C:\Program Files (x86)\MiKTeX 2.9.1\tex\latex\graphics\color.sty"
Package: color 2005/11/14 v1.0j Standard LaTeX Color (DPC)

("C:\Program Files (x86)\MiKTeX 2.9.1\tex\latex\00miktex\color.cfg"
File: color.cfg 2007/01/18 v1.5 color configuration of teTeX/TeXLive
)
Package color Info: Driver file: pdftex.def on input line 130.

("C:\Program Files (x86)\MiKTeX 2.9.1\tex\latex\pdftex-def\pdftex.def"
File: pdftex.def 2011/05/27 v0.06d Graphics/color for pdfTeX

("C:\Program Files (x86)\MiKTeX 2.9.1\tex\generic\oberdiek\infwarerr.sty"
Package: infwarerr 2010/04/08 v1.3 Providing info/warning/error messages (HO)
)
("C:\Program Files (x86)\MiKTeX 2.9.1\tex\generic\oberdiek\ltxcmds.sty"
Package: ltxcmds 2011/11/09 v1.22 LaTeX kernel commands for general use (HO)
)
\Gread@gobject=\count111
))
("C:\Program Files (x86)\MiKTeX 2.9.1\tex\latex\colortbl\colortbl.sty"
Package: colortbl 2012/02/13 v1.0a Color table columns (DPC)

("C:\Program Files (x86)\MiKTeX 2.9.1\tex\latex\tools\array.sty"
Package: array 2008/09/09 v2.4c Tabular extension package (FMi)
\col@sep=\dimen126
\extrarowheight=\dimen127
\NC@list=\toks23
\extratabsurround=\skip48
\backup@length=\skip49
)
\everycr=\toks24
\minrowclearance=\skip50
)
("C:\Program Files (x86)\MiKTeX 2.9.1\tex\latex\geometry\geometry.sty"
Package: geometry 2010/09/12 v5.6 Page Geometry

("C:\Program Files (x86)\MiKTeX 2.9.1\tex\generic\oberdiek\ifpdf.sty"
Package: ifpdf 2011/01/30 v2.3 Provides the ifpdf switch (HO)
Package ifpdf Info: pdfTeX in PDF mode is detected.
)
("C:\Program Files (x86)\MiKTeX 2.9.1\tex\generic\oberdiek\ifvtex.sty"
Package: ifvtex 2010/03/01 v1.5 Detect VTeX and its facilities (HO)
Package ifvtex Info: VTeX not detected.
)
("C:\Program Files (x86)\MiKTeX 2.9.1\tex\generic\ifxetex\ifxetex.sty"
Package: ifxetex 2010/09/12 v0.6 Provides ifxetex conditional
)
\Gm@cnth=\count112
\Gm@cntv=\count113
\c@Gm@tempcnt=\count114
\Gm@bindingoffset=\dimen128
\Gm@wd@mp=\dimen129
\Gm@odd@mp=\dimen130
\Gm@even@mp=\dimen131
\Gm@layoutwidth=\dimen132
\Gm@layoutheight=\dimen133
\Gm@layouthoffset=\dimen134
\Gm@layoutvoffset=\dimen135
\Gm@dimlist=\toks25

("C:\Program Files (x86)\MiKTeX 2.9.1\tex\latex\geometry\geometry.cfg"))

LaTeX Warning: Unused global option(s):
    [14pt].

("C:\Users\РћР»РµСЃСЏ\Desktop\Work\РёСЃС‚РѕСЂРёСЏ РєР°С„РµРґСЂС‹.aux"
LaTeX Font Info:    Try loading font information for T2A+cmr on input line 3.

("C:\Program Files (x86)\MiKTeX 2.9.1\tex\latex\cyrillic\t2acmr.fd"
File: t2acmr.fd 2001/08/11 v1.0a Computer Modern Cyrillic font definitions
))
LaTeX Font Info:    Checking defaults for OML/cmm/m/it on input line 25.
LaTeX Font Info:    ... okay on input line 25.
LaTeX Font Info:    Checking defaults for T1/cmr/m/n on input line 25.
LaTeX Font Info:    ... okay on input line 25.
LaTeX Font Info:    Checking defaults for OT1/cmr/m/n on input line 25.
LaTeX Font Info:    ... okay on input line 25.
LaTeX Font Info:    Checking defaults for OMS/cmsy/m/n on input line 25.
LaTeX Font Info:    ... okay on input line 25.
LaTeX Font Info:    Checking defaults for OMX/cmex/m/n on input line 25.
LaTeX Font Info:    ... okay on input line 25.
LaTeX Font Info:    Checking defaults for U/cmr/m/n on input line 25.
LaTeX Font Info:    ... okay on input line 25.
LaTeX Font Info:    Checking defaults for T2A/cmr/m/n on input line 25.
LaTeX Font Info:    ... okay on input line 25.
LaTeX Font Info:    Checking defaults for TS1/cmr/m/n on input line 25.
LaTeX Font Info:    Try loading font information for TS1+cmr on input line 25.

("C:\Program Files (x86)\MiKTeX 2.9.1\tex\latex\base\ts1cmr.fd"
File: ts1cmr.fd 1999/05/25 v2.5h Standard LaTeX font definitions
)
LaTeX Font Info:    ... okay on input line 25.

("C:\Program Files (x86)\MiKTeX 2.9.1\tex\context\base\supp-pdf.mkii"
[Loading MPS to PDF converter (version 2006.09.02).]
\scratchcounter=\count115
\scratchdimen=\dimen136
\scratchbox=\box55
\nofMPsegments=\count116
\nofMParguments=\count117
\everyMPshowfont=\toks26
\MPscratchCnt=\count118
\MPscratchDim=\dimen137
\MPnumerator=\count119
\makeMPintoPDFobject=\count120
\everyMPtoPDFconversion=\toks27
)
*geometry* driver: auto-detecting
*geometry* detected driver: pdftex
*geometry* verbose mode - [ preamble ] result:
* driver: pdftex
* paper: a5paper
* layout: <same size as paper>
* layoutoffset:(h,v)=(0.0pt,0.0pt)
* modes: 
* h-part:(L,W,R)=(42.67912pt, 335.74254pt, 42.67912pt)
* v-part:(T,H,B)=(28.45274pt, 512.14963pt, 56.9055pt)
* \paperwidth=421.10078pt
* \paperheight=597.50787pt
* \textwidth=335.74254pt
* \textheight=512.14963pt
* \oddsidemargin=-29.59087pt
* \evensidemargin=-29.59087pt
* \topmargin=-80.81725pt
* \headheight=12.0pt
* \headsep=25.0pt
* \topskip=10.0pt
* \footskip=30.0pt
* \marginparwidth=3.0pt
* \marginparsep=11.0pt
* \columnsep=10.0pt
* \skip\footins=9.0pt plus 4.0pt minus 2.0pt
* \hoffset=0.0pt
* \voffset=0.0pt
* \mag=1000
* \@twocolumnfalse
* \@twosidefalse
* \@mparswitchfalse
* \@reversemarginfalse
* (1in=72.27pt=25.4mm, 1cm=28.453pt)

<images/ITMO_log.png, id=1, 845.0772pt x 216.3282pt>
File: images/ITMO_log.png Graphic file (type png)
 <use images/ITMO_log.png>
Package pdftex.def Info: images/ITMO_log.png used on input line 28.
(pdftex.def)             Requested size: 142.26378pt x 36.4155pt.

Overfull \hbox (14.25746pt too wide) in paragraph at lines 30--32
| 
 []


Underfull \hbox (badness 10000) in paragraph at lines 35--38

 []


Overfull \hbox (15.70274pt too wide) in paragraph at lines 35--38
\T2A/cmr/m/n/10 Более 15 лет ка-фед-ра ве-дјт под-го-тов-ку по двух-уров-не-вой
 схе-ме: бакалавриат-
 []


Underfull \hbox (badness 10000) in paragraph at lines 35--38

 []


Overfull \hbox (13.34pt too wide) in paragraph at lines 35--38
\T2A/cmr/m/n/10 на-рах раз-лич-ных уров-ней, пуб-ли-ку-ют свои ре-зуль-та-ты в 
научно-технических
 []

[1

{C:/ProgramData/MiKTeX/2.9/pdftex/config/pdftex.map} <C:/Users/РћР»РµСЃСЏ/Deskt
op/Work/images/ITMO_log.png>]
("C:\Users\РћР»РµСЃСЏ\Desktop\Work\РёСЃС‚РѕСЂРёСЏ РєР°С„РµРґСЂС‹.aux") ) 
Here is how much of TeX's memory you used:
 4105 strings out of 493921
 54325 string characters out of 3144060
 115393 words of memory out of 3000000
 7333 multiletter control sequences out of 15000+200000
 5254 words of font info for 16 fonts, out of 3000000 for 9000
 841 hyphenation exceptions out of 8191
 34i,5n,26p,685b,180s stack positions out of 5000i,500n,10000p,200000b,50000s
 <C:\Pr
ogramData\MiKTeX\2.9\fonts\pk\ljfour\lh\lh-t2a\dpi600\larm1000.pk> <C:\ProgramD
ata\MiKTeX\2.9\fonts\pk\ljfour\lh\lh-t2a\dpi600\labx1000.pk>
Output written on "РёСЃС‚РѕСЂРёСЏ РєР°С„РµРґСЂС‹.pdf" (1 page, 85272 bytes).
PDF statistics:
 100 PDF objects out of 1000 (max. 8388607)
 0 named destinations out of 1000 (max. 500000)
 6 words of extra memory for PDF output out of 10000 (max. 10000000)

